2025-05-03T07:41:01.692Z [info]: Центральный сервис запущен на порту 4000
2025-05-03T07:41:16.742Z [error]: Ошибка при отправке данных в source1: Request failed with status code 404
2025-05-03T07:41:16.788Z [error]: Ошибка при отправке данных в source2: Request failed with status code 404
2025-05-03T07:41:16.922Z [info]: Время синхронизировано с NTP. Разница во времени: 80 мс
2025-05-03T07:41:31.700Z [error]: Ошибка при отправке данных в source1: Request failed with status code 404
2025-05-03T07:41:31.707Z [error]: Ошибка при отправке данных в source2: Request failed with status code 404
2025-05-03T07:41:31.768Z [info]: Время синхронизировано с NTP. Разница во времени: 81 мс
2025-05-03T07:41:46.671Z [error]: Ошибка при отправке данных в source1: Request failed with status code 404
2025-05-03T07:41:46.677Z [error]: Ошибка при отправке данных в source2: Request failed with status code 404
2025-05-03T07:41:46.778Z [info]: Время синхронизировано с NTP. Разница во времени: 82 мс
2025-05-03T07:42:00.132Z [error]: Ошибка при получении данных от source1: Request failed with status code 404
2025-05-03T07:42:00.138Z [error]: Не удалось проверить синхронизацию времени с source1: Request failed with status code 404
2025-05-03T07:42:00.148Z [error]: Ошибка при получении данных от source2: Request failed with status code 404
2025-05-03T07:42:00.158Z [error]: Не удалось проверить синхронизацию времени с source2: Request failed with status code 404
2025-05-03T07:42:01.723Z [error]: Ошибка при отправке данных в source1: Request failed with status code 404
2025-05-03T07:42:01.729Z [error]: Ошибка при отправке данных в source2: Request failed with status code 404
2025-05-03T07:42:01.800Z [info]: Время синхронизировано с NTP. Разница во времени: 84 мс
2025-05-03T07:42:55.686Z [info]: Центральный сервис запущен на порту 4000
2025-05-03T07:43:00.859Z [info]: Получено 5 записей от source1
2025-05-03T07:43:00.866Z [info]: Синхронизация времени с source1 успешна (разница: 0.00с)
2025-05-03T07:43:00.988Z [info]: Получено 5 записей от source2
2025-05-03T07:43:00.996Z [info]: Синхронизация времени с source2 успешна (разница: 0.00с)
2025-05-03T07:43:10.766Z [info]: Данные отправлены в source1
2025-05-03T07:43:10.823Z [info]: Данные отправлены в source2
2025-05-03T07:43:10.919Z [info]: Время синхронизировано с NTP. Разница во времени: 74 мс
2025-05-03T07:43:25.714Z [info]: Данные отправлены в source1
2025-05-03T07:43:25.735Z [info]: Данные отправлены в source2
2025-05-03T07:43:26.026Z [info]: Время синхронизировано с NTP. Разница во времени: 251 мс
2025-05-03T07:43:40.760Z [info]: Данные отправлены в source1
2025-05-03T07:43:40.781Z [info]: Данные отправлены в source2
2025-05-03T07:43:40.846Z [info]: Время синхронизировано с NTP. Разница во времени: 76 мс
2025-05-03T07:43:55.762Z [info]: Данные отправлены в source1
2025-05-03T07:43:55.783Z [info]: Данные отправлены в source2
2025-05-03T07:43:55.849Z [info]: Время синхронизировано с NTP. Разница во времени: 75 мс
2025-05-03T07:44:00.350Z [info]: Получено 13 записей от source1
2025-05-03T07:44:00.355Z [info]: Синхронизация времени с source1 успешна (разница: 0.00с)
2025-05-03T07:44:00.444Z [info]: Получено 13 записей от source2
2025-05-03T07:44:00.449Z [info]: Синхронизация времени с source2 успешна (разница: 0.00с)
2025-05-03T07:44:10.734Z [info]: Данные отправлены в source1
2025-05-03T07:44:10.753Z [info]: Данные отправлены в source2
2025-05-03T07:44:10.818Z [info]: Время синхронизировано с NTP. Разница во времени: 71 мс
2025-05-03T07:44:25.732Z [info]: Данные отправлены в source1
2025-05-03T07:44:25.750Z [info]: Данные отправлены в source2
2025-05-03T07:44:25.836Z [info]: Время синхронизировано с NTP. Разница во времени: 89 мс
2025-05-03T07:44:40.785Z [info]: Данные отправлены в source1
2025-05-03T07:44:40.805Z [info]: Данные отправлены в source2
2025-05-03T07:44:42.356Z [info]: Время синхронизировано с NTP. Разница во времени: 76 мс
2025-05-03T07:44:55.794Z [info]: Данные отправлены в source1
2025-05-03T07:44:55.813Z [info]: Данные отправлены в source2
2025-05-03T07:44:55.891Z [info]: Время синхронизировано с NTP. Разница во времени: 75 мс
2025-05-03T07:45:00.853Z [info]: Получено 21 записей от source1
2025-05-03T07:45:00.857Z [info]: Синхронизация времени с source1 успешна (разница: 0.00с)
2025-05-03T07:45:00.951Z [info]: Получено 21 записей от source2
2025-05-03T07:45:00.956Z [info]: Синхронизация времени с source2 успешна (разница: 0.00с)
2025-05-03T07:45:10.765Z [info]: Данные отправлены в source1
2025-05-03T07:45:10.783Z [info]: Данные отправлены в source2
2025-05-03T07:45:10.869Z [info]: Время синхронизировано с NTP. Разница во времени: 72 мс
2025-05-03T07:45:25.809Z [info]: Данные отправлены в source1
2025-05-03T07:45:25.826Z [info]: Данные отправлены в source2
2025-05-03T07:45:25.885Z [info]: Время синхронизировано с NTP. Разница во времени: 72 мс
2025-05-03T07:45:40.778Z [info]: Данные отправлены в source1
2025-05-03T07:45:40.794Z [info]: Данные отправлены в source2
2025-05-03T07:45:40.910Z [info]: Время синхронизировано с NTP. Разница во времени: 92 мс
2025-05-03T07:45:55.833Z [info]: Данные отправлены в source1
2025-05-03T07:45:55.852Z [info]: Данные отправлены в source2
2025-05-03T07:45:55.909Z [info]: Время синхронизировано с NTP. Разница во времени: 74 мс
2025-05-03T07:46:00.374Z [info]: Получено 29 записей от source1
2025-05-03T07:46:00.378Z [info]: Синхронизация времени с source1 успешна (разница: 0.00с)
2025-05-03T07:46:00.477Z [info]: Получено 29 записей от source2
2025-05-03T07:46:00.481Z [info]: Синхронизация времени с source2 успешна (разница: 0.00с)
2025-05-03T07:46:10.832Z [info]: Данные отправлены в source1
2025-05-03T07:46:10.849Z [info]: Данные отправлены в source2
2025-05-03T07:46:12.047Z [info]: Время синхронизировано с NTP. Разница во времени: 78 мс
2025-05-03T07:46:25.838Z [info]: Данные отправлены в source1
2025-05-03T07:46:25.854Z [info]: Данные отправлены в source2
2025-05-03T07:46:25.940Z [info]: Время синхронизировано с NTP. Разница во времени: 74 мс
2025-05-03T07:46:40.847Z [info]: Данные отправлены в source1
2025-05-03T07:46:40.865Z [info]: Данные отправлены в source2
2025-05-03T07:46:40.975Z [info]: Время синхронизировано с NTP. Разница во времени: 91 мс
2025-05-03T07:46:55.834Z [info]: Данные отправлены в source1
2025-05-03T07:46:55.851Z [info]: Данные отправлены в source2
2025-05-03T07:46:55.910Z [info]: Время синхронизировано с NTP. Разница во времени: 76 мс
2025-05-03T07:47:00.760Z [info]: Получено 37 записей от source1
2025-05-03T07:47:00.764Z [info]: Синхронизация времени с source1 успешна (разница: 0.00с)
2025-05-03T07:47:00.864Z [info]: Получено 37 записей от source2
2025-05-03T07:47:00.867Z [info]: Синхронизация времени с source2 успешна (разница: 0.00с)
2025-05-03T07:47:10.870Z [info]: Данные отправлены в source1
2025-05-03T07:47:10.888Z [info]: Данные отправлены в source2
2025-05-03T07:47:10.953Z [info]: Время синхронизировано с NTP. Разница во времени: 81 мс
2025-05-03T07:47:25.884Z [info]: Данные отправлены в source1
2025-05-03T07:47:25.900Z [info]: Данные отправлены в source2
2025-05-03T07:47:25.954Z [info]: Время синхронизировано с NTP. Разница во времени: 71 мс
2025-05-03T07:47:40.854Z [info]: Данные отправлены в source1
2025-05-03T07:47:40.875Z [info]: Данные отправлены в source2
2025-05-03T07:47:41.402Z [info]: Время синхронизировано с NTP. Разница во времени: 319 мс
2025-05-03T07:47:55.897Z [info]: Данные отправлены в source1
2025-05-03T07:47:55.915Z [info]: Данные отправлены в source2
2025-05-03T07:47:56.030Z [info]: Время синхронизировано с NTP. Разница во времени: 73 мс
2025-05-03T07:48:00.251Z [info]: Получено 45 записей от source1
2025-05-03T07:48:00.254Z [info]: Синхронизация времени с source1 успешна (разница: 0.00с)
2025-05-03T07:48:00.355Z [info]: Получено 45 записей от source2
2025-05-03T07:48:00.358Z [info]: Синхронизация времени с source2 успешна (разница: 0.00с)
2025-05-03T07:48:10.907Z [info]: Данные отправлены в source1
2025-05-03T07:48:10.924Z [info]: Данные отправлены в source2
2025-05-03T07:48:11.004Z [info]: Время синхронизировано с NTP. Разница во времени: 70 мс
2025-05-03T07:48:25.899Z [info]: Данные отправлены в source1
2025-05-03T07:48:25.916Z [info]: Данные отправлены в source2
2025-05-03T07:48:26.008Z [info]: Время синхронизировано с NTP. Разница во времени: 93 мс
2025-05-03T07:48:40.930Z [info]: Данные отправлены в source1
2025-05-03T07:48:40.946Z [info]: Данные отправлены в source2
2025-05-03T07:48:41.015Z [info]: Время синхронизировано с NTP. Разница во времени: 71 мс
2025-05-03T07:52:42.859Z [info]: Центральный сервис запущен на порту 4000
2025-05-03T07:52:57.933Z [info]: [ВЫТАЛКИВАНИЕ] Данные отправлены в source1
2025-05-03T07:52:57.996Z [info]: [ВЫТАЛКИВАНИЕ] Данные отправлены в source2
2025-05-03T07:52:58.691Z [info]: Время синхронизировано с NTP. Разница во времени: 147 мс
2025-05-03T07:53:00.989Z [info]: Получено 3 записей от source1
2025-05-03T07:53:01.040Z [info]: Получено 3 записей от source2
2025-05-03T07:53:12.888Z [info]: [ВЫТАЛКИВАНИЕ] Данные отправлены в source1
2025-05-03T07:53:12.907Z [info]: [ВЫТАЛКИВАНИЕ] Данные отправлены в source2
2025-05-03T07:53:13.002Z [info]: Время синхронизировано с NTP. Разница во времени: 82 мс
2025-05-03T07:53:27.901Z [info]: [ВЫТАЛКИВАНИЕ] Данные отправлены в source1
2025-05-03T07:53:27.918Z [info]: [ВЫТАЛКИВАНИЕ] Данные отправлены в source2
2025-05-03T07:53:27.975Z [info]: Время синхронизировано с NTP. Разница во времени: 68 мс
2025-05-03T07:53:42.905Z [info]: [ВЫТАЛКИВАНИЕ] Данные отправлены в source1
2025-05-03T07:53:42.924Z [info]: [ВЫТАЛКИВАНИЕ] Данные отправлены в source2
2025-05-03T07:53:42.982Z [info]: Время синхронизировано с NTP. Разница во времени: 71 мс
2025-05-03T07:53:57.866Z [info]: [ВЫТАЛКИВАНИЕ] Данные отправлены в source1
2025-05-03T07:53:57.883Z [info]: [ВЫТАЛКИВАНИЕ] Данные отправлены в source2
2025-05-03T07:53:58.002Z [info]: Время синхронизировано с NTP. Разница во времени: 131 мс
2025-05-03T07:54:00.476Z [info]: Получено 11 записей от source1
2025-05-03T07:54:00.585Z [info]: Получено 11 записей от source2
2025-05-03T07:54:12.867Z [info]: [ВЫТАЛКИВАНИЕ] Данные отправлены в source1
2025-05-03T07:54:12.881Z [info]: [ВЫТАЛКИВАНИЕ] Данные отправлены в source2
2025-05-03T07:54:12.970Z [info]: Время синхронизировано с NTP. Разница во времени: 101 мс
2025-05-03T07:54:27.914Z [info]: [ВЫТАЛКИВАНИЕ] Данные отправлены в source1
2025-05-03T07:54:27.931Z [info]: [ВЫТАЛКИВАНИЕ] Данные отправлены в source2
2025-05-03T07:54:28.006Z [info]: Время синхронизировано с NTP. Разница во времени: 69 мс
2025-05-03T07:54:42.917Z [info]: [ВЫТАЛКИВАНИЕ] Данные отправлены в source1
2025-05-03T07:54:42.935Z [info]: [ВЫТАЛКИВАНИЕ] Данные отправлены в source2
2025-05-03T07:54:43.019Z [info]: Время синхронизировано с NTP. Разница во времени: 88 мс
2025-05-03T07:54:57.928Z [info]: [ВЫТАЛКИВАНИЕ] Данные отправлены в source1
2025-05-03T07:54:57.945Z [info]: [ВЫТАЛКИВАНИЕ] Данные отправлены в source2
2025-05-03T07:54:58.026Z [info]: Время синхронизировано с NTP. Разница во времени: 71 мс
2025-05-03T07:55:00.949Z [info]: Получено 19 записей от source1
2025-05-03T07:55:01.047Z [info]: Получено 19 записей от source2
2025-05-03T07:55:12.929Z [info]: [ВЫТАЛКИВАНИЕ] Данные отправлены в source1
2025-05-03T07:55:12.945Z [info]: [ВЫТАЛКИВАНИЕ] Данные отправлены в source2
2025-05-03T07:55:13.709Z [info]: Время синхронизировано с NTP. Разница во времени: 204 мс
2025-05-03T07:55:27.937Z [info]: [ВЫТАЛКИВАНИЕ] Данные отправлены в source1
2025-05-03T07:55:27.954Z [info]: [ВЫТАЛКИВАНИЕ] Данные отправлены в source2
2025-05-03T07:55:28.048Z [info]: Время синхронизировано с NTP. Разница во времени: 65 мс
2025-05-11T12:27:49.220Z [info]: Центральный сервис запущен на порту 4000
2025-05-11T12:29:11.546Z [info]: Центральный сервис запущен : http://localhost:4000
2025-05-11T12:29:26.581Z [error]: Ошибка при отправке данных в source1: connect ECONNREFUSED 127.0.0.1:3001
2025-05-11T12:29:26.586Z [error]: Ошибка при отправке данных в source2: connect ECONNREFUSED 127.0.0.1:3002
2025-05-11T12:29:26.597Z [info]: Время синхронизировано с NTP. Разница во времени: 805 мс
2025-05-11T12:29:41.561Z [error]: Ошибка при отправке данных в source1: connect ECONNREFUSED 127.0.0.1:3001
2025-05-11T12:29:41.562Z [error]: Ошибка при отправке данных в source2: connect ECONNREFUSED 127.0.0.1:3002
2025-05-11T12:29:41.566Z [info]: Время синхронизировано с NTP. Разница во времени: 805 мс
2025-05-11T12:29:56.570Z [error]: Ошибка при отправке данных в source1: connect ECONNREFUSED 127.0.0.1:3001
2025-05-11T12:29:56.572Z [error]: Ошибка при отправке данных в source2: connect ECONNREFUSED 127.0.0.1:3002
2025-05-11T12:29:56.579Z [info]: Время синхронизировано с NTP. Разница во времени: 807 мс
2025-05-11T12:30:00.947Z [error]: Ошибка при получении данных от source1: connect ECONNREFUSED 127.0.0.1:3001
2025-05-11T12:30:00.949Z [error]: Ошибка при получении данных от source2: connect ECONNREFUSED 127.0.0.1:3002
2025-05-11T12:30:11.570Z [error]: Ошибка при отправке данных в source1: connect ECONNREFUSED 127.0.0.1:3001
2025-05-11T12:30:11.573Z [error]: Ошибка при отправке данных в source2: connect ECONNREFUSED 127.0.0.1:3002
2025-05-11T12:30:21.583Z [error]: Ошибка синхронизации времени через NTP: undefined
2025-05-11T12:30:26.585Z [error]: Ошибка при отправке данных в source1: connect ECONNREFUSED 127.0.0.1:3001
2025-05-11T12:30:26.586Z [error]: Ошибка при отправке данных в source2: connect ECONNREFUSED 127.0.0.1:3002
2025-05-11T12:30:26.590Z [info]: Время синхронизировано с NTP. Разница во времени: 806 мс
2025-05-11T12:30:41.584Z [error]: Ошибка при отправке данных в source1: connect ECONNREFUSED 127.0.0.1:3001
2025-05-11T12:30:41.586Z [error]: Ошибка при отправке данных в source2: connect ECONNREFUSED 127.0.0.1:3002
2025-05-11T12:30:41.589Z [info]: Время синхронизировано с NTP. Разница во времени: 807 мс
2025-05-11T12:30:56.604Z [error]: Ошибка при отправке данных в source1: connect ECONNREFUSED 127.0.0.1:3001
2025-05-11T12:30:56.644Z [info]: [ВЫТАЛКИВАНИЕ] Данные отправлены в source2
2025-05-11T12:31:00.572Z [info]: Получено 2 записей от source1
2025-05-11T12:31:00.649Z [info]: Получено 2 записей от source2
2025-05-11T12:31:06.660Z [error]: Ошибка синхронизации времени через NTP: undefined
2025-05-11T12:31:11.651Z [info]: [ВЫТАЛКИВАНИЕ] Данные отправлены в source1
2025-05-11T12:31:11.695Z [info]: [ВЫТАЛКИВАНИЕ] Данные отправлены в source2
2025-05-11T12:31:21.705Z [error]: Ошибка синхронизации времени через NTP: undefined
2025-05-11T12:31:26.622Z [info]: [ВЫТАЛКИВАНИЕ] Данные отправлены в source1
2025-05-11T12:31:26.642Z [info]: [ВЫТАЛКИВАНИЕ] Данные отправлены в source2
2025-05-11T12:31:26.652Z [info]: Время синхронизировано с NTP. Разница во времени: 806 мс
2025-05-11T12:31:41.634Z [info]: [ВЫТАЛКИВАНИЕ] Данные отправлены в source1
2025-05-11T12:31:41.649Z [info]: [ВЫТАЛКИВАНИЕ] Данные отправлены в source2
2025-05-11T12:31:41.653Z [info]: Время синхронизировано с NTP. Разница во времени: 806 мс
2025-05-11T12:31:56.637Z [error]: Ошибка при отправке данных в source1: connect ECONNREFUSED 127.0.0.1:3001
2025-05-11T12:31:56.638Z [error]: Ошибка при отправке данных в source2: connect ECONNREFUSED 127.0.0.1:3002
2025-05-11T12:31:56.641Z [info]: Время синхронизировано с NTP. Разница во времени: 807 мс
2025-05-11T21:01:34.473Z [info]: Центральный сервис запущен : http://localhost:4000
2025-05-11T21:01:49.529Z [info]: [ВЫТАЛКИВАНИЕ] Данные отправлены в source1
2025-05-11T21:01:49.532Z [error]: Ошибка при отправке данных в source2: connect ECONNREFUSED 127.0.0.1:3002
2025-05-11T21:01:49.558Z [info]: Время синхронизировано с NTP. Разница во времени: 1081 мс
2025-05-11T21:02:00.693Z [info]: Получено 5 записей от source1
2025-05-11T21:02:00.695Z [error]: Ошибка при получении данных от source2: connect ECONNREFUSED 127.0.0.1:3002
2025-05-11T21:02:04.501Z [info]: [ВЫТАЛКИВАНИЕ] Данные отправлены в source1
2025-05-11T21:02:04.527Z [info]: [ВЫТАЛКИВАНИЕ] Данные отправлены в source2
2025-05-11T21:02:04.544Z [info]: Время синхронизировано с NTP. Разница во времени: 1081 мс
2025-05-11T21:02:19.518Z [info]: [ВЫТАЛКИВАНИЕ] Данные отправлены в source1
2025-05-11T21:02:19.530Z [info]: [ВЫТАЛКИВАНИЕ] Данные отправлены в source2
2025-05-11T21:02:19.548Z [info]: Время синхронизировано с NTP. Разница во времени: 1081 мс
2025-05-11T21:02:34.532Z [info]: [ВЫТАЛКИВАНИЕ] Данные отправлены в source1
2025-05-11T21:02:34.542Z [info]: [ВЫТАЛКИВАНИЕ] Данные отправлены в source2
2025-05-11T21:02:34.561Z [info]: Время синхронизировано с NTP. Разница во времени: 1081 мс
2025-05-11T21:02:49.539Z [info]: [ВЫТАЛКИВАНИЕ] Данные отправлены в source1
2025-05-11T21:02:49.550Z [info]: [ВЫТАЛКИВАНИЕ] Данные отправлены в source2
2025-05-11T21:02:49.568Z [info]: Время синхронизировано с NTP. Разница во времени: 1081 мс
2025-05-11T21:03:00.169Z [info]: Получено 13 записей от source1
2025-05-11T21:03:00.240Z [info]: Получено 7 записей от source2
2025-05-11T21:03:04.543Z [info]: [ВЫТАЛКИВАНИЕ] Данные отправлены в source1
2025-05-11T21:03:04.553Z [info]: [ВЫТАЛКИВАНИЕ] Данные отправлены в source2
2025-05-11T21:03:04.571Z [info]: Время синхронизировано с NTP. Разница во времени: 1081 мс
2025-05-11T21:03:19.557Z [info]: [ВЫТАЛКИВАНИЕ] Данные отправлены в source1
2025-05-11T21:03:19.567Z [info]: [ВЫТАЛКИВАНИЕ] Данные отправлены в source2
2025-05-11T21:03:19.583Z [info]: Время синхронизировано с NTP. Разница во времени: 1082 мс
2025-05-11T21:03:34.564Z [info]: [ВЫТАЛКИВАНИЕ] Данные отправлены в source1
2025-05-11T21:03:34.574Z [info]: [ВЫТАЛКИВАНИЕ] Данные отправлены в source2
2025-05-11T21:03:34.584Z [info]: Время синхронизировано с NTP. Разница во времени: 1087 мс
2025-05-11T21:03:49.579Z [info]: [ВЫТАЛКИВАНИЕ] Данные отправлены в source1
2025-05-11T21:03:49.589Z [info]: [ВЫТАЛКИВАНИЕ] Данные отправлены в source2
2025-05-11T21:03:49.594Z [info]: Время синхронизировано с NTP. Разница во времени: 1088 мс
2025-05-11T21:04:00.619Z [info]: Получено 21 записей от source1
2025-05-11T21:04:00.684Z [info]: Получено 15 записей от source2
2025-05-11T21:04:04.585Z [info]: [ВЫТАЛКИВАНИЕ] Данные отправлены в source1
2025-05-11T21:04:04.595Z [info]: [ВЫТАЛКИВАНИЕ] Данные отправлены в source2
2025-05-11T21:04:04.599Z [info]: Время синхронизировано с NTP. Разница во времени: 1088 мс
2025-05-11T22:27:15.994Z [info]: Центральный сервис запущен : http://localhost:4000
2025-05-11T22:27:31.042Z [info]: [ВЫТАЛКИВАНИЕ] Данные отправлены в source1
2025-05-11T22:27:31.070Z [info]: [ВЫТАЛКИВАНИЕ] Данные отправлены в source2
2025-05-11T22:27:31.095Z [info]: Время синхронизировано с NTP. Разница во времени: 1135 мс
2025-05-11T22:27:46.022Z [info]: [ВЫТАЛКИВАНИЕ] Данные отправлены в source1
2025-05-11T22:27:46.033Z [info]: [ВЫТАЛКИВАНИЕ] Данные отправлены в source2
2025-05-11T22:27:46.050Z [info]: Время синхронизировано с NTP. Разница во времени: 1135 мс
2025-05-11T22:28:00.256Z [info]: [ВЫТЯГИВАНИЕ] Получено 5 записей от source1
2025-05-11T22:28:00.307Z [info]: [ВЫТЯГИВАНИЕ] Получено 5 записей от source2
2025-05-11T22:28:01.026Z [info]: [ВЫТАЛКИВАНИЕ] Данные отправлены в source1
2025-05-11T22:28:01.036Z [info]: [ВЫТАЛКИВАНИЕ] Данные отправлены в source2
2025-05-11T22:28:01.053Z [info]: Время синхронизировано с NTP. Разница во времени: 1135 мс
2025-05-11T22:28:16.041Z [info]: [ВЫТАЛКИВАНИЕ] Данные отправлены в source1
2025-05-11T22:28:16.052Z [info]: [ВЫТАЛКИВАНИЕ] Данные отправлены в source2
2025-05-11T22:28:16.070Z [info]: Время синхронизировано с NTP. Разница во времени: 1135 мс
2025-05-11T22:28:31.046Z [info]: [ВЫТАЛКИВАНИЕ] Данные отправлены в source1
2025-05-11T22:28:31.058Z [info]: [ВЫТАЛКИВАНИЕ] Данные отправлены в source2
2025-05-11T22:28:31.075Z [info]: Время синхронизировано с NTP. Разница во времени: 1135 мс
2025-05-11T22:28:46.050Z [info]: [ВЫТАЛКИВАНИЕ] Данные отправлены в source1
2025-05-11T22:28:46.060Z [info]: [ВЫТАЛКИВАНИЕ] Данные отправлены в source2
2025-05-11T22:28:46.077Z [info]: Время синхронизировано с NTP. Разница во времени: 1136 мс
2025-05-11T22:29:00.611Z [info]: [ВЫТЯГИВАНИЕ] Получено 13 записей от source1
2025-05-11T22:29:00.684Z [info]: [ВЫТЯГИВАНИЕ] Получено 13 записей от source2
2025-05-11T22:29:01.063Z [info]: [ВЫТАЛКИВАНИЕ] Данные отправлены в source1
2025-05-11T22:29:01.073Z [info]: [ВЫТАЛКИВАНИЕ] Данные отправлены в source2
2025-05-11T22:29:01.091Z [info]: Время синхронизировано с NTP. Разница во времени: 1135 мс
2025-05-11T22:29:16.067Z [info]: [ВЫТАЛКИВАНИЕ] Данные отправлены в source1
2025-05-11T22:29:16.077Z [info]: [ВЫТАЛКИВАНИЕ] Данные отправлены в source2
2025-05-11T22:29:16.086Z [info]: Время синхронизировано с NTP. Разница во времени: 1142 мс
2025-05-11T22:29:31.083Z [info]: [ВЫТАЛКИВАНИЕ] Данные отправлены в source1
2025-05-11T22:29:31.095Z [info]: [ВЫТАЛКИВАНИЕ] Данные отправлены в source2
2025-05-11T22:29:31.098Z [info]: Время синхронизировано с NTP. Разница во времени: 1142 мс
2025-05-12T10:01:58.203Z [info]: Центральный сервис запущен : http://localhost:4000
2025-05-12T10:02:00.286Z [info]: [ВЫТЯГИВАНИЕ] Получено 0 записей от source1
2025-05-12T10:02:00.308Z [info]: [ВЫТЯГИВАНИЕ] Получено 0 записей от source2
2025-05-12T10:02:27.140Z [info]: Центральный сервис запущен : http://localhost:4000
2025-05-12T10:02:42.309Z [info]: [ВЫТАЛКИВАНИЕ] Данные отправлены в source1
2025-05-12T10:02:42.384Z [info]: [ВЫТАЛКИВАНИЕ] Данные отправлены в source2
2025-05-12T10:02:42.391Z [error]: Ошибка синхронизации времени через NTP: getaddrinfo ENOTFOUND pool.ntp.org
2025-05-12T10:02:57.227Z [info]: [ВЫТАЛКИВАНИЕ] Данные отправлены в source1
2025-05-12T10:02:57.256Z [info]: [ВЫТАЛКИВАНИЕ] Данные отправлены в source2
2025-05-12T10:02:57.259Z [error]: Ошибка синхронизации времени через NTP: getaddrinfo ENOTFOUND pool.ntp.org
2025-05-12T10:03:00.475Z [info]: [ВЫТЯГИВАНИЕ] Получено 5 записей от source1
2025-05-12T10:03:00.580Z [info]: [ВЫТЯГИВАНИЕ] Получено 5 записей от source2
2025-05-12T10:03:12.227Z [info]: [ВЫТАЛКИВАНИЕ] Данные отправлены в source1
2025-05-12T10:03:12.254Z [info]: [ВЫТАЛКИВАНИЕ] Данные отправлены в source2
2025-05-12T10:03:12.257Z [error]: Ошибка синхронизации времени через NTP: getaddrinfo ENOTFOUND pool.ntp.org
2025-05-12T10:03:27.267Z [info]: [ВЫТАЛКИВАНИЕ] Данные отправлены в source1
2025-05-12T10:03:27.272Z [error]: Ошибка при отправке данных в source2: connect ECONNREFUSED 127.0.0.1:3002
2025-05-12T10:03:27.275Z [error]: Ошибка синхронизации времени через NTP: getaddrinfo ENOTFOUND pool.ntp.org
2025-05-12T10:03:32.344Z [info]: Центральный сервис запущен : http://localhost:4000
2025-05-12T10:03:47.486Z [info]: [ВЫТАЛКИВАНИЕ] Данные отправлены в source1
2025-05-12T10:03:47.549Z [info]: [ВЫТАЛКИВАНИЕ] Данные отправлены в source2
2025-05-12T10:03:47.557Z [error]: Ошибка синхронизации времени через NTP: getaddrinfo ENOTFOUND pool.ntp.org
2025-05-12T10:04:00.775Z [info]: [ВЫТЯГИВАНИЕ] Получено 12 записей от source1
2025-05-12T10:04:00.868Z [info]: [ВЫТЯГИВАНИЕ] Получено 10 записей от source2
2025-05-12T10:04:02.435Z [info]: [ВЫТАЛКИВАНИЕ] Данные отправлены в source1
2025-05-12T10:04:02.461Z [info]: [ВЫТАЛКИВАНИЕ] Данные отправлены в source2
2025-05-12T10:04:02.464Z [error]: Ошибка синхронизации времени через NTP: getaddrinfo ENOTFOUND pool.ntp.org
2025-05-12T10:04:17.448Z [info]: [ВЫТАЛКИВАНИЕ] Данные отправлены в source1
2025-05-12T10:04:17.470Z [info]: [ВЫТАЛКИВАНИЕ] Данные отправлены в source2
2025-05-12T10:04:17.472Z [error]: Ошибка синхронизации времени через NTP: getaddrinfo ENOTFOUND pool.ntp.org
2025-05-12T10:04:56.970Z [info]: Центральная бд запущена : http://localhost:4000
2025-05-12T10:05:01.005Z [info]: [ВЫТЯГИВАНИЕ] Получено 0 записей от source1
2025-05-12T10:05:01.025Z [info]: [ВЫТЯГИВАНИЕ] Получено 0 записей от source2
2025-05-12T10:05:12.012Z [info]: [ВЫТАЛКИВАНИЕ] Данные отправлены в source1
2025-05-12T10:05:12.067Z [info]: [ВЫТАЛКИВАНИЕ] Данные отправлены в source2
2025-05-12T10:05:22.079Z [error]: Ошибка синхронизации времени через NTP: undefined
2025-05-12T10:05:24.124Z [error]: Ошибка синхронизации времени через NTP: getaddrinfo ENOTFOUND pool.ntp.org
2025-05-12T10:05:52.846Z [info]: Центральная бд запущен : http://localhost:4000
2025-05-12T10:06:01.090Z [info]: [ВЫТЯГИВАНИЕ] Получено 5 записей от source1
2025-05-12T10:06:01.168Z [info]: [ВЫТЯГИВАНИЕ] Получено 5 записей от source2
2025-05-12T10:06:07.890Z [info]: [ВЫТАЛКИВАНИЕ] Данные отправлены в source1
2025-05-12T10:06:07.910Z [info]: [ВЫТАЛКИВАНИЕ] Данные отправлены в source2
2025-05-12T10:06:17.916Z [error]: Ошибка синхронизации времени через NTP: undefined
2025-05-12T10:06:22.918Z [info]: [ВЫТАЛКИВАНИЕ] Данные отправлены в source1
2025-05-12T10:06:22.937Z [info]: [ВЫТАЛКИВАНИЕ] Данные отправлены в source2
2025-05-12T10:06:32.950Z [error]: Ошибка синхронизации времени через NTP: undefined
2025-05-12T10:06:37.890Z [info]: [ВЫТАЛКИВАНИЕ] Данные отправлены в source1
2025-05-12T10:06:37.910Z [info]: [ВЫТАЛКИВАНИЕ] Данные отправлены в source2
2025-05-12T10:06:47.917Z [error]: Ошибка синхронизации времени через NTP: undefined
2025-05-12T10:06:52.954Z [info]: [ВЫТАЛКИВАНИЕ] Данные отправлены в source1
2025-05-12T10:06:52.977Z [info]: [ВЫТАЛКИВАНИЕ] Данные отправлены в source2
2025-05-12T10:07:00.650Z [info]: [ВЫТЯГИВАНИЕ] Получено 13 записей от source1
2025-05-12T10:07:00.796Z [info]: [ВЫТЯГИВАНИЕ] Получено 13 записей от source2
2025-05-12T10:07:03.011Z [error]: Ошибка синхронизации времени через NTP: undefined
2025-05-12T10:07:07.929Z [info]: [ВЫТАЛКИВАНИЕ] Данные отправлены в source1
2025-05-12T10:07:07.957Z [info]: [ВЫТАЛКИВАНИЕ] Данные отправлены в source2
2025-05-12T10:07:08.308Z [info]: Время синхронизировано с NTP. Разница во времени: 410 мс
2025-05-12T10:07:22.972Z [info]: [ВЫТАЛКИВАНИЕ] Данные отправлены в source1
2025-05-12T10:07:22.999Z [info]: [ВЫТАЛКИВАНИЕ] Данные отправлены в source2
2025-05-12T10:07:23.038Z [info]: Время синхронизировано с NTP. Разница во времени: 416 мс
2025-05-12T10:07:37.968Z [info]: [ВЫТАЛКИВАНИЕ] Данные отправлены в source1
2025-05-12T10:07:37.990Z [info]: [ВЫТАЛКИВАНИЕ] Данные отправлены в source2
2025-05-12T10:07:38.010Z [info]: Время синхронизировано с NTP. Разница во времени: 440 мс
2025-05-12T10:07:52.987Z [info]: [ВЫТАЛКИВАНИЕ] Данные отправлены в source1
2025-05-12T10:07:53.013Z [info]: [ВЫТАЛКИВАНИЕ] Данные отправлены в source2
2025-05-12T10:07:53.040Z [info]: Время синхронизировано с NTP. Разница во времени: 431 мс
2025-05-12T10:08:00.164Z [info]: [ВЫТЯГИВАНИЕ] Получено 21 записей от source1
2025-05-12T10:08:00.300Z [info]: [ВЫТЯГИВАНИЕ] Получено 21 записей от source2
2025-05-12T10:08:07.983Z [info]: [ВЫТАЛКИВАНИЕ] Данные отправлены в source1
2025-05-12T10:08:08.004Z [info]: [ВЫТАЛКИВАНИЕ] Данные отправлены в source2
2025-05-12T10:08:08.253Z [info]: Время синхронизировано с NTP. Разница во времени: 208 мс
2025-05-12T10:12:15.131Z [info]: Центральная бд запущен : http://localhost:4000
2025-05-12T10:12:30.221Z [error]: Ошибка при отправке данных в source1: connect ECONNREFUSED 127.0.0.1:3001
2025-05-12T10:12:30.227Z [error]: Ошибка при отправке данных в source2: connect ECONNREFUSED 127.0.0.1:3002
2025-05-12T10:12:30.390Z [info]: Время синхронизировано с NTP. Разница во времени: 412 мс
2025-05-12T10:12:45.184Z [error]: Ошибка при отправке данных в source1: connect ECONNREFUSED 127.0.0.1:3001
2025-05-12T10:12:45.189Z [error]: Ошибка при отправке данных в source2: connect ECONNREFUSED 127.0.0.1:3002
2025-05-12T10:12:45.240Z [info]: Время синхронизировано с NTP. Разница во времени: 407 мс
2025-05-12T10:13:00.190Z [error]: Ошибка при отправке данных в source1: connect ECONNREFUSED 127.0.0.1:3001
2025-05-12T10:13:00.195Z [error]: Ошибка при отправке данных в source2: connect ECONNREFUSED 127.0.0.1:3002
2025-05-12T10:13:00.273Z [info]: Время синхронизировано с NTP. Разница во времени: 381 мс
2025-05-12T10:13:00.469Z [error]: Ошибка при получении данных от source1: connect ECONNREFUSED 127.0.0.1:3001
2025-05-12T10:13:00.473Z [error]: Ошибка при получении данных от source2: connect ECONNREFUSED 127.0.0.1:3002
2025-05-12T10:13:15.192Z [error]: Ошибка при отправке данных в source1: connect ECONNREFUSED 127.0.0.1:3001
2025-05-12T10:13:15.196Z [error]: Ошибка при отправке данных в source2: connect ECONNREFUSED 127.0.0.1:3002
2025-05-12T10:13:15.208Z [info]: Время синхронизировано с NTP. Разница во времени: 445 мс
2025-05-12T10:13:30.205Z [error]: Ошибка при отправке данных в source1: connect ECONNREFUSED 127.0.0.1:3001
2025-05-12T10:13:30.209Z [error]: Ошибка при отправке данных в source2: connect ECONNREFUSED 127.0.0.1:3002
2025-05-12T10:13:30.270Z [info]: Время синхронизировано с NTP. Разница во времени: 453 мс
2025-05-12T10:13:45.209Z [error]: Ошибка при отправке данных в source1: connect ECONNREFUSED 127.0.0.1:3001
2025-05-12T10:13:45.213Z [error]: Ошибка при отправке данных в source2: connect ECONNREFUSED 127.0.0.1:3002
2025-05-12T10:13:45.228Z [info]: Время синхронизировано с NTP. Разница во времени: 443 мс
2025-05-12T10:16:09.288Z [info]: Центральная бд запущен : http://localhost:4000
2025-05-12T10:16:24.357Z [error]: Ошибка при отправке данных в source1: connect ECONNREFUSED 127.0.0.1:3001
2025-05-12T10:16:24.364Z [error]: Ошибка при отправке данных в source2: connect ECONNREFUSED 127.0.0.1:3002
2025-05-12T10:16:24.543Z [info]: Время синхронизировано с NTP. Разница во времени: 303 мс
2025-05-12T10:16:39.347Z [error]: Ошибка при отправке данных в source1: connect ECONNREFUSED 127.0.0.1:3001
2025-05-12T10:16:39.352Z [error]: Ошибка при отправке данных в source2: connect ECONNREFUSED 127.0.0.1:3002
2025-05-12T10:16:39.376Z [info]: Время синхронизировано с NTP. Разница во времени: 445 мс
2025-05-12T10:16:52.541Z [info]: Центральная бд запущен : http://localhost:4000
2025-05-12T10:16:59.682Z [info]: Удалена запись с ID: 2
2025-05-12T10:17:00.661Z [error]: Ошибка при получении данных от source1: connect ECONNREFUSED 127.0.0.1:3001
2025-05-12T10:17:00.682Z [error]: Ошибка при получении данных от source2: connect ECONNREFUSED 127.0.0.1:3002
2025-05-12T10:17:07.592Z [error]: Ошибка при отправке данных в source1: connect ECONNREFUSED 127.0.0.1:3001
2025-05-12T10:17:07.597Z [error]: Ошибка при отправке данных в source2: connect ECONNREFUSED 127.0.0.1:3002
2025-05-12T10:17:07.620Z [info]: Время синхронизировано с NTP. Разница во времени: 449 мс
2025-05-12T10:17:22.591Z [error]: Ошибка при отправке данных в source1: connect ECONNREFUSED 127.0.0.1:3001
2025-05-12T10:17:22.594Z [error]: Ошибка при отправке данных в source2: connect ECONNREFUSED 127.0.0.1:3002
2025-05-12T10:17:22.773Z [info]: Время синхронизировано с NTP. Разница во времени: 289 мс
2025-05-12T10:17:37.590Z [error]: Ошибка при отправке данных в source1: connect ECONNREFUSED 127.0.0.1:3001
2025-05-12T10:17:37.594Z [error]: Ошибка при отправке данных в source2: connect ECONNREFUSED 127.0.0.1:3002
2025-05-12T10:17:37.660Z [info]: Время синхронизировано с NTP. Разница во времени: 445 мс
2025-05-12T10:17:52.608Z [error]: Ошибка при отправке данных в source1: connect ECONNREFUSED 127.0.0.1:3001
2025-05-12T10:17:52.614Z [error]: Ошибка при отправке данных в source2: connect ECONNREFUSED 127.0.0.1:3002
2025-05-12T10:17:52.739Z [info]: Время синхронизировано с NTP. Разница во времени: 400 мс
2025-05-12T10:18:14.255Z [info]: Центральная бд запущен : http://localhost:4000
2025-05-12T10:18:29.351Z [info]: [ВЫТАЛКИВАНИЕ] Данные отправлены в source1
2025-05-12T10:18:29.424Z [info]: [ВЫТАЛКИВАНИЕ] Данные отправлены в source2
2025-05-12T10:18:39.444Z [error]: Ошибка синхронизации времени через NTP: undefined
2025-05-12T10:18:44.278Z [info]: [ВЫТАЛКИВАНИЕ] Данные отправлены в source1
2025-05-12T10:18:44.301Z [info]: [ВЫТАЛКИВАНИЕ] Данные отправлены в source2
2025-05-12T10:18:44.309Z [info]: Время синхронизировано с NTP. Разница во времени: 455 мс
2025-05-12T10:18:59.244Z [info]: [ВЫТАЛКИВАНИЕ] Данные отправлены в source1
2025-05-12T10:18:59.267Z [info]: [ВЫТАЛКИВАНИЕ] Данные отправлены в source2
2025-05-12T10:18:59.289Z [info]: Время синхронизировано с NTP. Разница во времени: 438 мс
2025-05-12T10:19:00.655Z [info]: [ВЫТЯГИВАНИЕ] Получено 6 записей от source1
2025-05-12T10:19:00.754Z [info]: [ВЫТЯГИВАНИЕ] Получено 6 записей от source2
2025-05-12T10:19:10.537Z [info]: Удалена запись с ID: 4
2025-05-12T10:19:14.292Z [info]: [ВЫТАЛКИВАНИЕ] Данные отправлены в source1
2025-05-12T10:19:14.316Z [info]: [ВЫТАЛКИВАНИЕ] Данные отправлены в source2
2025-05-12T10:19:14.337Z [info]: Время синхронизировано с NTP. Разница во времени: 437 мс
2025-05-12T10:19:29.299Z [info]: [ВЫТАЛКИВАНИЕ] Данные отправлены в source1
2025-05-12T10:19:29.324Z [info]: [ВЫТАЛКИВАНИЕ] Данные отправлены в source2
2025-05-12T10:19:39.332Z [error]: Ошибка синхронизации времени через NTP: undefined
2025-05-12T10:19:44.308Z [info]: [ВЫТАЛКИВАНИЕ] Данные отправлены в source1
2025-05-12T10:19:44.332Z [info]: [ВЫТАЛКИВАНИЕ] Данные отправлены в source2
2025-05-12T10:19:54.337Z [error]: Ошибка синхронизации времени через NTP: undefined
2025-05-12T10:19:59.310Z [info]: [ВЫТАЛКИВАНИЕ] Данные отправлены в source1
2025-05-12T10:19:59.334Z [info]: [ВЫТАЛКИВАНИЕ] Данные отправлены в source2
2025-05-12T10:19:59.377Z [info]: Время синхронизировано с NTP. Разница во времени: 448 мс
2025-05-12T10:20:00.159Z [info]: [ВЫТЯГИВАНИЕ] Получено 14 записей от source1
2025-05-12T10:20:00.292Z [info]: [ВЫТЯГИВАНИЕ] Получено 14 записей от source2
2025-05-12T10:20:14.310Z [info]: [ВЫТАЛКИВАНИЕ] Данные отправлены в source1
2025-05-12T10:20:14.338Z [info]: [ВЫТАЛКИВАНИЕ] Данные отправлены в source2
2025-05-12T10:20:24.344Z [error]: Ошибка синхронизации времени через NTP: undefined
2025-05-12T10:20:29.331Z [info]: [ВЫТАЛКИВАНИЕ] Данные отправлены в source1
2025-05-12T10:20:29.354Z [info]: [ВЫТАЛКИВАНИЕ] Данные отправлены в source2
2025-05-12T10:20:32.405Z [info]: Время синхронизировано с NTP. Разница во времени: 2575 мс
2025-05-12T10:20:44.343Z [info]: [ВЫТАЛКИВАНИЕ] Данные отправлены в source1
2025-05-12T10:20:44.372Z [info]: [ВЫТАЛКИВАНИЕ] Данные отправлены в source2
2025-05-12T10:20:44.377Z [info]: Время синхронизировано с NTP. Разница во времени: 453 мс
2025-05-12T10:20:59.352Z [info]: [ВЫТАЛКИВАНИЕ] Данные отправлены в source1
2025-05-12T10:20:59.372Z [info]: [ВЫТАЛКИВАНИЕ] Данные отправлены в source2
2025-05-12T10:20:59.383Z [info]: Время синхронизировано с NTP. Разница во времени: 447 мс
2025-05-12T10:21:00.647Z [info]: [ВЫТЯГИВАНИЕ] Получено 22 записей от source1
2025-05-12T10:21:00.803Z [info]: [ВЫТЯГИВАНИЕ] Получено 22 записей от source2
2025-05-12T10:32:56.275Z [info]: Центральная бд запущен : http://localhost:4000
2025-05-12T10:33:00.312Z [info]: [ВЫТЯГИВАНИЕ] Получено 0 записей от source1
2025-05-12T10:33:00.333Z [info]: [ВЫТЯГИВАНИЕ] Получено 0 записей от source2
2025-05-12T10:33:11.347Z [info]: [ВЫТАЛКИВАНИЕ] Данные отправлены в source1
2025-05-12T10:33:11.381Z [error]: Ошибка при отправке данных в source2: Request failed with status code 500
2025-05-12T10:33:11.524Z [info]: Время синхронизировано с NTP. Разница во времени: 3956034791524 мс
2025-05-12T10:33:26.302Z [info]: [ВЫТАЛКИВАНИЕ] Данные отправлены в source1
2025-05-12T10:33:26.312Z [error]: Ошибка при отправке данных в source2: Request failed with status code 500
2025-05-12T10:33:36.318Z [error]: Ошибка синхронизации времени через NTP: undefined
2025-05-12T10:33:41.312Z [info]: [ВЫТАЛКИВАНИЕ] Данные отправлены в source1
2025-05-12T10:33:41.386Z [info]: [ВЫТАЛКИВАНИЕ] Данные отправлены в source2
2025-05-12T10:33:51.388Z [error]: Ошибка синхронизации времени через NTP: undefined
2025-05-12T10:33:56.325Z [info]: [ВЫТАЛКИВАНИЕ] Данные отправлены в source1
2025-05-12T10:33:56.330Z [error]: Ошибка при отправке данных в source2: connect ECONNREFUSED 127.0.0.1:3002
2025-05-12T10:34:00.874Z [info]: [ВЫТЯГИВАНИЕ] Получено 8 записей от source1
2025-05-12T10:34:00.878Z [error]: Ошибка при получении данных от source2: connect ECONNREFUSED 127.0.0.1:3002
2025-05-12T10:34:06.339Z [error]: Ошибка синхронизации времени через NTP: undefined
2025-05-12T10:34:11.303Z [info]: [ВЫТАЛКИВАНИЕ] Данные отправлены в source1
2025-05-12T10:34:11.308Z [error]: Ошибка при отправке данных в source2: connect ECONNREFUSED 127.0.0.1:3002
2025-05-12T10:34:22.077Z [info]: Центральная бд запущен : http://localhost:4000
2025-05-12T10:34:37.239Z [info]: [ВЫТАЛКИВАНИЕ] Данные отправлены в source1
2025-05-12T10:34:37.322Z [info]: [ВЫТАЛКИВАНИЕ] Данные отправлены в source2
2025-05-12T10:34:37.445Z [info]: Время синхронизировано с NTP. Разница во времени: 459 мс
2025-05-12T10:34:52.154Z [info]: [ВЫТАЛКИВАНИЕ] Данные отправлены в source1
2025-05-12T10:34:52.172Z [info]: [ВЫТАЛКИВАНИЕ] Данные отправлены в source2
2025-05-12T10:34:52.177Z [info]: Время синхронизировано с NTP. Разница во времени: 464 мс
2025-05-12T10:35:00.461Z [info]: [ВЫТЯГИВАНИЕ] Получено 15 записей от source1
2025-05-12T10:35:00.548Z [info]: [ВЫТЯГИВАНИЕ] Получено 8 записей от source2
2025-05-12T10:35:07.160Z [info]: [ВЫТАЛКИВАНИЕ] Данные отправлены в source1
2025-05-12T10:35:07.176Z [info]: [ВЫТАЛКИВАНИЕ] Данные отправлены в source2
2025-05-12T10:35:07.189Z [info]: Время синхронизировано с NTP. Разница во времени: 456 мс
2025-05-12T10:35:22.166Z [error]: Ошибка при отправке данных в source1: connect ECONNREFUSED 127.0.0.1:3001
2025-05-12T10:35:22.171Z [error]: Ошибка при отправке данных в source2: connect ECONNREFUSED 127.0.0.1:3002
2025-05-12T10:35:22.184Z [info]: Время синхронизировано с NTP. Разница во времени: 453 мс
2025-05-12T10:44:35.663Z [info]: Центральная бд запущен : http://localhost:4000
2025-05-12T10:44:50.742Z [info]: [ВЫТАЛКИВАНИЕ] Данные отправлены в source1
2025-05-12T10:44:50.832Z [info]: [ВЫТАЛКИВАНИЕ] Данные отправлены в source2
2025-05-12T10:44:50.849Z [info]: Время синхронизировано с NTP. Разница во времени: 462 мс
2025-05-12T10:45:00.831Z [info]: [ВЫТЯГИВАНИЕ] Получено 3 записей от source1
2025-05-12T10:45:00.870Z [info]: [ВЫТЯГИВАНИЕ] Получено 2 записей от source2
2025-05-12T10:45:05.684Z [info]: [ВЫТАЛКИВАНИЕ] Данные отправлены в source1
2025-05-12T10:45:05.707Z [info]: [ВЫТАЛКИВАНИЕ] Данные отправлены в source2
2025-05-12T10:45:05.842Z [info]: Время синхронизировано с NTP. Разница во времени: 343 мс
2025-05-12T10:45:20.695Z [info]: [ВЫТАЛКИВАНИЕ] Данные отправлены в source1
2025-05-12T10:45:20.717Z [info]: [ВЫТАЛКИВАНИЕ] Данные отправлены в source2
2025-05-12T10:45:20.732Z [info]: Время синхронизировано с NTP. Разница во времени: 464 мс
2025-05-12T10:45:35.669Z [info]: [ВЫТАЛКИВАНИЕ] Данные отправлены в source1
2025-05-12T10:45:35.692Z [info]: [ВЫТАЛКИВАНИЕ] Данные отправлены в source2
2025-05-12T10:45:35.697Z [info]: Время синхронизировано с NTP. Разница во времени: 467 мс
2025-05-12T10:45:50.723Z [info]: [ВЫТАЛКИВАНИЕ] Данные отправлены в source1
2025-05-12T10:45:50.749Z [info]: [ВЫТАЛКИВАНИЕ] Данные отправлены в source2
2025-05-12T10:45:50.797Z [info]: Время синхронизировано с NTP. Разница во времени: 425 мс
2025-05-12T10:46:00.458Z [info]: [ВЫТЯГИВАНИЕ] Получено 11 записей от source1
2025-05-12T10:46:00.588Z [info]: [ВЫТЯГИВАНИЕ] Получено 10 записей от source2
2025-05-12T10:46:05.695Z [info]: [ВЫТАЛКИВАНИЕ] Данные отправлены в source1
2025-05-12T10:46:05.719Z [info]: [ВЫТАЛКИВАНИЕ] Данные отправлены в source2
2025-05-12T10:46:05.725Z [info]: Время синхронизировано с NTP. Разница во времени: 466 мс
2025-05-12T10:46:08.471Z [info]: Удалена запись с ID: 2
2025-05-12T10:46:20.725Z [info]: [ВЫТАЛКИВАНИЕ] Данные отправлены в source1
2025-05-12T10:46:20.744Z [info]: [ВЫТАЛКИВАНИЕ] Данные отправлены в source2
2025-05-12T10:46:20.777Z [info]: Время синхронизировано с NTP. Разница во времени: 439 мс
2025-05-12T10:46:35.687Z [info]: [ВЫТАЛКИВАНИЕ] Данные отправлены в source1
2025-05-12T10:46:35.704Z [info]: [ВЫТАЛКИВАНИЕ] Данные отправлены в source2
2025-05-12T10:46:35.768Z [info]: Время синхронизировано с NTP. Разница во времени: 407 мс
2025-05-12T10:46:50.732Z [info]: [ВЫТАЛКИВАНИЕ] Данные отправлены в source1
2025-05-12T10:46:50.749Z [info]: [ВЫТАЛКИВАНИЕ] Данные отправлены в source2
2025-05-12T10:46:50.766Z [info]: Время синхронизировано с NTP. Разница во времени: 456 мс
2025-05-12T10:47:00.923Z [info]: [ВЫТЯГИВАНИЕ] Получено 19 записей от source1
2025-05-12T10:47:01.015Z [info]: [ВЫТЯГИВАНИЕ] Получено 18 записей от source2
2025-05-12T10:47:05.696Z [info]: [ВЫТАЛКИВАНИЕ] Данные отправлены в source1
2025-05-12T10:47:05.716Z [info]: [ВЫТАЛКИВАНИЕ] Данные отправлены в source2
2025-05-12T10:47:05.748Z [info]: Время синхронизировано с NTP. Разница во времени: 440 мс
2025-05-12T10:47:20.745Z [info]: [ВЫТАЛКИВАНИЕ] Данные отправлены в source1
2025-05-12T10:47:20.761Z [info]: [ВЫТАЛКИВАНИЕ] Данные отправлены в source2
2025-05-12T10:47:20.782Z [info]: Время синхронизировано с NTP. Разница во времени: 473 мс
2025-05-12T10:47:35.720Z [info]: [ВЫТАЛКИВАНИЕ] Данные отправлены в source1
2025-05-12T10:47:35.736Z [info]: [ВЫТАЛКИВАНИЕ] Данные отправлены в source2
2025-05-12T10:47:35.797Z [info]: Время синхронизировано с NTP. Разница во времени: 468 мс
2025-05-12T10:47:50.763Z [info]: [ВЫТАЛКИВАНИЕ] Данные отправлены в source1
2025-05-12T10:47:50.784Z [info]: [ВЫТАЛКИВАНИЕ] Данные отправлены в source2
2025-05-12T10:47:50.885Z [info]: Время синхронизировано с NTP. Разница во времени: 464 мс
2025-05-12T10:48:00.463Z [info]: [ВЫТЯГИВАНИЕ] Получено 27 записей от source1
2025-05-12T10:48:00.553Z [info]: [ВЫТЯГИВАНИЕ] Получено 26 записей от source2
2025-05-12T10:48:05.751Z [info]: [ВЫТАЛКИВАНИЕ] Данные отправлены в source1
2025-05-12T10:48:05.767Z [info]: [ВЫТАЛКИВАНИЕ] Данные отправлены в source2
2025-05-12T10:48:05.784Z [info]: Время синхронизировано с NTP. Разница во времени: 457 мс
